<!doctype html>
<!--[if lt IE 7]><html class="no-js lt-ie9 lt-ie8 lt-ie7" lang="en"> <![endif]-->
<!--[if (IE 7)&!(IEMobile)]><html class="no-js lt-ie9 lt-ie8" lang="en"><![endif]-->
<!--[if (IE 8)&!(IEMobile)]><html class="no-js lt-ie9" lang="en"><![endif]-->
<!--[if gt IE 8]><!--> <html class="no-js" lang="en"><!--<![endif]-->
<head>
<meta charset="utf-8">
<title>BOOST_STATIC_ASSERT incomplete type not allowed &#8211; </title>
<meta name="description" content="I've recently been trying to compile the newest boost library (1.42.0) using the Intel 11.0 compiler and came across this error in code which previously compiled using 1.34.1
1&gt;../../deps/boost_1_42_0/boost/test/floating_point_comparison.hpp(229): error: incomplete type is not allowed
1&gt;          BOOST_STATIC_ASSERT( !is_integral::value );
1&gt;          ^
1&gt;          detected during:
1&gt;            instantiation of "boost::test_tools::predicate_result boost::test_tools::check_is_close_t::operator()(FPT1, FPT2, boost::test_tools::percent_tolerance_t, boost::test_tools::floating_point_comparison_type) const [with FPT1=int, FPT2=int, ToleranceBaseType=double]" at line 523 of "../../deps/boost_1_42_0/boost/test/test_tools.hpp"
1&gt;            instantiation of "bool boost::test_tools::tt_detail::check_frwd(Pred, const boost::unit_test::lazy_ostream &amp;, boost::test_tools::const_string, size_t={unsigned int}, boost::test_tools::tt_detail::tool_level, boost::test_tools::tt_detail::check_type, const Arg0 &amp;, const char *, const Arg1 &amp;, const char *, const Arg2 &amp;, const char *) [with Pred=boost::test_tools::check_is_close_t, Arg0=int, Arg1=int, Arg2=boost::test_tools::percent_tolerance_t]" at line 26 of
1&gt;                      "..\tests\Timing\VlcTimingProfile_test.cpp"

incomplete type huh, what the hell could that be about? Well it turns out that this is just a very *un*informative error which is generated when the assert evaluated to false. In my case it was caused by calling BOOST_CHECK_CLOSE(int,int,float), when I changed this to BOOST_CHECK_CLOSE(float,float,float) it compiled fine... but the error message didn't really reflect where the error was at all.
">
<meta name="keywords" content="boost, c++, compiler, Intel, templates">


<!-- Twitter Cards -->
<meta name="twitter:title" content="BOOST_STATIC_ASSERT incomplete type not allowed">
<meta name="twitter:description" content="I've recently been trying to compile the newest boost library (1.42.0) using the Intel 11.0 compiler and came across this error in code which previously compiled using 1.34.1
1&gt;../../deps/boost_1_42_0/boost/test/floating_point_comparison.hpp(229): error: incomplete type is not allowed
1&gt;          BOOST_STATIC_ASSERT( !is_integral::value );
1&gt;          ^
1&gt;          detected during:
1&gt;            instantiation of "boost::test_tools::predicate_result boost::test_tools::check_is_close_t::operator()(FPT1, FPT2, boost::test_tools::percent_tolerance_t, boost::test_tools::floating_point_comparison_type) const [with FPT1=int, FPT2=int, ToleranceBaseType=double]" at line 523 of "../../deps/boost_1_42_0/boost/test/test_tools.hpp"
1&gt;            instantiation of "bool boost::test_tools::tt_detail::check_frwd(Pred, const boost::unit_test::lazy_ostream &amp;, boost::test_tools::const_string, size_t={unsigned int}, boost::test_tools::tt_detail::tool_level, boost::test_tools::tt_detail::check_type, const Arg0 &amp;, const char *, const Arg1 &amp;, const char *, const Arg2 &amp;, const char *) [with Pred=boost::test_tools::check_is_close_t, Arg0=int, Arg1=int, Arg2=boost::test_tools::percent_tolerance_t]" at line 26 of
1&gt;                      "..\tests\Timing\VlcTimingProfile_test.cpp"

incomplete type huh, what the hell could that be about? Well it turns out that this is just a very *un*informative error which is generated when the assert evaluated to false. In my case it was caused by calling BOOST_CHECK_CLOSE(int,int,float), when I changed this to BOOST_CHECK_CLOSE(float,float,float) it compiled fine... but the error message didn't really reflect where the error was at all.
">



<meta name="twitter:card" content="summary">
<meta name="twitter:image" content="/images/default-thumb.png">

<!-- Open Graph -->
<meta property="og:locale" content="">
<meta property="og:type" content="article">
<meta property="og:title" content="BOOST_STATIC_ASSERT incomplete type not allowed">
<meta property="og:description" content="I've recently been trying to compile the newest boost library (1.42.0) using the Intel 11.0 compiler and came across this error in code which previously compiled using 1.34.1
1&gt;../../deps/boost_1_42_0/boost/test/floating_point_comparison.hpp(229): error: incomplete type is not allowed
1&gt;          BOOST_STATIC_ASSERT( !is_integral::value );
1&gt;          ^
1&gt;          detected during:
1&gt;            instantiation of "boost::test_tools::predicate_result boost::test_tools::check_is_close_t::operator()(FPT1, FPT2, boost::test_tools::percent_tolerance_t, boost::test_tools::floating_point_comparison_type) const [with FPT1=int, FPT2=int, ToleranceBaseType=double]" at line 523 of "../../deps/boost_1_42_0/boost/test/test_tools.hpp"
1&gt;            instantiation of "bool boost::test_tools::tt_detail::check_frwd(Pred, const boost::unit_test::lazy_ostream &amp;, boost::test_tools::const_string, size_t={unsigned int}, boost::test_tools::tt_detail::tool_level, boost::test_tools::tt_detail::check_type, const Arg0 &amp;, const char *, const Arg1 &amp;, const char *, const Arg2 &amp;, const char *) [with Pred=boost::test_tools::check_is_close_t, Arg0=int, Arg1=int, Arg2=boost::test_tools::percent_tolerance_t]" at line 26 of
1&gt;                      "..\tests\Timing\VlcTimingProfile_test.cpp"

incomplete type huh, what the hell could that be about? Well it turns out that this is just a very *un*informative error which is generated when the assert evaluated to false. In my case it was caused by calling BOOST_CHECK_CLOSE(int,int,float), when I changed this to BOOST_CHECK_CLOSE(float,float,float) it compiled fine... but the error message didn't really reflect where the error was at all.
">
<meta property="og:url" content="/boost/c++/compiler/intel/templates/2010/02/17/boost_static_assert-incomplete-type-not-allowed.html">
<meta property="og:site_name" content="">

<meta property="og:image" content="/images/default-thumb.png">






<link rel="canonical" href="/boost/c++/compiler/intel/templates/2010/02/17/boost_static_assert-incomplete-type-not-allowed.html">
<link href="/feed.xml" type="application/atom+xml" rel="alternate" title=" Feed">

<!-- http://t.co/dKP3o1e -->
<meta name="HandheldFriendly" content="True">
<meta name="MobileOptimized" content="320">
<meta name="viewport" content="width=device-width, initial-scale=1.0">

<!-- For all browsers -->
<link rel="stylesheet" href="/assets/css/main.css">

<meta http-equiv="cleartype" content="on">

<!-- HTML5 Shiv and Media Query Support -->
<!--[if lt IE 9]>
	<script src="/assets/js/vendor/html5shiv.min.js"></script>
	<script src="/assets/js/vendor/respond.min.js"></script>
<![endif]-->

<!-- Modernizr -->
<script src="/assets/js/vendor/modernizr-2.7.1.custom.min.js"></script>

<link href='//fonts.googleapis.com/css?family=PT+Sans+Narrow:400,700%7CPT+Serif:400,700,400italic' rel='stylesheet' type='text/css'>

<!-- Icons -->
<!-- 16x16 -->
<link rel="shortcut icon" href="/favicon.ico">
<!-- 32x32 -->
<link rel="shortcut icon" href="/favicon.png">
<!-- 57x57 (precomposed) for iPhone 3GS, pre-2011 iPod Touch and older Android devices -->
<link rel="apple-touch-icon-precomposed" href="/images/apple-touch-icon-precomposed.png">
<!-- 72x72 (precomposed) for 1st generation iPad, iPad 2 and iPad mini -->
<link rel="apple-touch-icon-precomposed" sizes="72x72" href="/images/apple-touch-icon-72x72-precomposed.png">
<!-- 114x114 (precomposed) for iPhone 4, 4S, 5 and post-2011 iPod Touch -->
<link rel="apple-touch-icon-precomposed" sizes="114x114" href="/images/apple-touch-icon-114x114-precomposed.png">
<!-- 144x144 (precomposed) for iPad 3rd and 4th generation -->
<link rel="apple-touch-icon-precomposed" sizes="144x144" href="/images/apple-touch-icon-144x144-precomposed.png">

</head>

<body class="post">

<!--[if lt IE 9]><div class="browser-upgrade alert alert-info">You are using an <strong>outdated</strong> browser. Please <a href="http://browsehappy.com/">upgrade your browser</a> to improve your experience.</div><![endif]-->

<div class="navigation-wrapper">
	<div class="site-name">
		<a href="/"></a>
	</div><!-- /.site-name -->
	<div class="top-navigation">
		<nav id="site-nav" class="nav">
		    <ul>
		        
				    
				    <li><a href="/about/" >About</a></li>
				
				    
				    <li><a href="/posts/" >Sample Posts</a></li>
				
				    
				    <li><a href="/theme-setup/" >Theme Setup</a></li>
				
		    </ul>
		</nav>
	</div><!-- /.top-navigation -->
</div><!-- /.navigation-wrapper -->




<div id="main" role="main">
  <div class="article-author-side">
    

<div itemscope itemtype="http://schema.org/Person">


	<img src="/images/" class="bio-photo" alt=" bio photo">


  <h3 itemprop="name"></h3>
  <p></p>
  
  
  
  
  
  
  
  
  
  
  
  
  
  
  
  
  
  
  
  
</div>

  </div>
  <article class="post">
    <div class="headline-wrap">
      
        <h1><a href="/boost/c++/compiler/intel/templates/2010/02/17/boost_static_assert-incomplete-type-not-allowed.html" rel="bookmark" title="BOOST_STATIC_ASSERT incomplete type not allowed">BOOST_STATIC_ASSERT incomplete type not allowed</a></h1>
      
    </div><!--/ .headline-wrap -->
    <div class="article-wrap">
      <p>I've recently been trying to compile the newest boost library (1.42.0) using the Intel 11.0 compiler and came across this error in code which previously compiled using 1.34.1</p>
<pre>1&gt;../../deps/boost_1_42_0/boost/test/floating_point_comparison.hpp(229): error: incomplete type is not allowed
1&gt;          BOOST_STATIC_ASSERT( !is_integral::value );
1&gt;          ^
1&gt;          detected during:
1&gt;            instantiation of "boost::test_tools::predicate_result boost::test_tools::check_is_close_t::operator()(FPT1, FPT2, boost::test_tools::percent_tolerance_t, boost::test_tools::floating_point_comparison_type) const [with FPT1=int, FPT2=int, ToleranceBaseType=double]" at line 523 of "../../deps/boost_1_42_0/boost/test/test_tools.hpp"
1&gt;            instantiation of "bool boost::test_tools::tt_detail::check_frwd(Pred, const boost::unit_test::lazy_ostream &amp;, boost::test_tools::const_string, size_t={unsigned int}, boost::test_tools::tt_detail::tool_level, boost::test_tools::tt_detail::check_type, const Arg0 &amp;, const char *, const Arg1 &amp;, const char *, const Arg2 &amp;, const char *) [with Pred=boost::test_tools::check_is_close_t, Arg0=int, Arg1=int, Arg2=boost::test_tools::percent_tolerance_t]" at line 26 of
1&gt;                      "..\tests\Timing\VlcTimingProfile_test.cpp"
</pre>
<p>incomplete type huh, what the hell could that be about? Well it turns out that this is just a very *un*informative error which is generated when the assert evaluated to false. In my case it was caused by calling BOOST_CHECK_CLOSE(int,int,float), when I changed this to BOOST_CHECK_CLOSE(float,float,float) it compiled fine... but the error message didn't really reflect where the error was at all.</p>

      <hr />
      <footer role="contentinfo">
        <div class="social-share">
  <h4>Share on</h4>
  <ul>
    <li>
      <a href="https://twitter.com/intent/tweet?text=/boost/c++/compiler/intel/templates/2010/02/17/boost_static_assert-incomplete-type-not-allowed.html" class="twitter" title="Share on Twitter"><i class="fa fa-twitter"></i><span> Twitter</span></a>
    </li>
    <li>
      <a href="https://www.facebook.com/sharer/sharer.php?u=/boost/c++/compiler/intel/templates/2010/02/17/boost_static_assert-incomplete-type-not-allowed.html" class="facebook" title="Share on Facebook"><i class="fa fa-facebook"></i><span> Facebook</span></a>
    </li>
    <li>
      <a href="https://plus.google.com/share?url=/boost/c++/compiler/intel/templates/2010/02/17/boost_static_assert-incomplete-type-not-allowed.html" class="google-plus" title="Share on Google Plus"><i class="fa fa-google-plus"></i><span> Google+</span></a>
    </li>
  </ul>
</div><!-- /.social-share -->
        <p class="byline"><strong>BOOST_STATIC_ASSERT incomplete type not allowed</strong> was published on <time datetime="2010-02-17T09:12:55+10:00">February 17, 2010</time>.</p>
      </footer>
    </div><!-- /.article-wrap -->
  
  </article>
</div><!-- /#main -->

<div class="footer-wrap">
  
  <div class="related-articles">
  <h4>You might also enjoy <small class="pull-right">(<a href="/posts/">View all posts</a>)</small></h4>
    <ul>
    
      <li><a href="/2015/11/10/run-in-with-an-angry-man.html" title="Run in with an angry man">Run in with an angry man</a></li>
    
      <li><a href="/themes/minimal-mistakes/2014/07/31/author-override.html" title="Author Override">Author Override</a></li>
    
      <li><a href="/code/mingw/windows/2014/02/27/building-gsl-on-windows-sigh.html" title="Building GSL on windows (sigh)">Building GSL on windows (sigh)</a></li>
    
    </ul>
    <hr />
  </div><!-- /.related-articles -->
  
  <footer>
    

<span>&copy; 2016 . Powered by <a href="http://jekyllrb.com" rel="nofollow">Jekyll</a> using the <a href="https://mademistakes.com/work/minimal-mistakes-jekyll-theme/" rel="nofollow">Minimal Mistakes</a> theme.</span>

  </footer>
</div><!-- /.footer-wrap -->

<script src="//ajax.googleapis.com/ajax/libs/jquery/1.9.1/jquery.min.js"></script>
<script>window.jQuery || document.write('<script src="/assets/js/vendor/jquery-1.9.1.min.js"><\/script>')</script>
<script src="/assets/js/scripts.min.js"></script>




</body>
</html>
